INFO  2016-05-23 08:24:00,936 (Saros.java:220) Starting Saros 14.10.31 running:
  Java Version: 1.8.0_77
  Java Vendor: Oracle Corporation
  Eclipse Runtime Version: 3.11.1.v20150903-1804
  Operating System: Mac OS X (10.11.5)
  Hardware Architecture: x86_64
INFO  2016-05-23 08:24:00,989 (SarosContext.java:153) creating Saros runtime context...
DEBUG 2016-05-23 08:24:01,041 (XMPPAccountStore.java:117) loading accounts from file: /Users/Maik/.saros/config.dat
DEBUG 2016-05-23 08:24:01,310 (XMPPAccountStore.java:176) loaded 2 account(s)
INFO  2016-05-23 08:24:01,524 (SarosContext.java:199) successfully created Saros runtime context
DEBUG 2016-05-23 08:24:01,559 (DataTransferManager.java:467) used transport order for the current XMPP connection: [XMPP-Socks5-Transport, XMPP-IBB-Transport]
INFO  2016-05-23 08:24:01,586 (PreferenceInitializer.java:50) initializing preference default values
DEBUG 2016-05-23 08:24:01,644 (SarosAnnotation.java:117) resetting annotation colors
DEBUG 2016-05-23 08:24:01,739 (Saros.java:430) skipping conversion of old XMPP accounts, because there are already new ones
DEBUG 2016-05-23 08:24:06,507 (SharedDocumentProvider.java:77) SharedDocumentProvider created by Eclipse
DEBUG 2016-05-23 08:24:19,056 (WhiteboardManager.java:194) WhiteboardManager instantiated
DEBUG 2016-05-23 08:24:19,151 (DocumentRecord.java:93) Added Node: attr(146398465913456572) name=svg
DEBUG 2016-05-23 08:24:19,293 (XMPPConnectionService.java:439) started Socks5 proxy on port: 7777 [listening on all interfaces]
DEBUG 2016-05-23 08:24:19,296 (XMPPConnectionService.java:459) using autodetected addresses: [141.45.213.63, fe80:0:0:0:e821:24ff:fe8f:a58d%awdl0, fe80:0:0:0:3e15:c2ff:feb7:872e%en0]
DEBUG 2016-05-23 08:24:19,308 (XMPPConnectionService.java:398)  new connection state == CONNECTING
DEBUG 2016-05-23 08:24:20,172 (XMPPConnectionService.java:398) maikm@saros-con.imp.fu-berlin.de/Saros new connection state == CONNECTED
DEBUG 2016-05-23 08:24:20,173 (DataTransferManager.java:467) used transport order for the current XMPP connection: [XMPP-Socks5-Transport, XMPP-IBB-Transport]
DEBUG 2016-05-23 08:24:20,175 (SkypeManager.java:289) Refreshing Skype username cache...
WARN  2016-05-23 08:24:29,621 (StunServiceImpl.java:420) received no response from STUN server stunserver.org/69.172.201.153:3478 at local address /141.45.213.63:0
DEBUG 2016-05-23 08:29:06,681 (XMPPConnectionService.java:398) maikm@saros-con.imp.fu-berlin.de/Saros new connection state == DISCONNECTING
DEBUG 2016-05-23 08:29:06,835 (XMPPConnectionService.java:398)  new connection state == NOT_CONNECTED
DEBUG 2016-05-23 08:29:06,836 (UPnPServiceImpl.java:295) deleting existing port mappings
