INFO  2016-06-08 12:13:17,501 (Saros.java:220) Starting Saros 14.10.31 running:
  Java Version: 1.8.0_77
  Java Vendor: Oracle Corporation
  Eclipse Runtime Version: 3.11.1.v20150903-1804
  Operating System: Mac OS X (10.11.6)
  Hardware Architecture: x86_64
INFO  2016-06-08 12:13:17,569 (SarosContext.java:153) creating Saros runtime context...
DEBUG 2016-06-08 12:13:17,645 (XMPPAccountStore.java:117) loading accounts from file: /Users/Maik/.saros/config.dat
DEBUG 2016-06-08 12:13:17,945 (XMPPAccountStore.java:176) loaded 2 account(s)
INFO  2016-06-08 12:13:18,156 (SarosContext.java:199) successfully created Saros runtime context
DEBUG 2016-06-08 12:13:18,187 (DataTransferManager.java:467) used transport order for the current XMPP connection: [XMPP-Socks5-Transport, XMPP-IBB-Transport]
INFO  2016-06-08 12:13:18,214 (PreferenceInitializer.java:50) initializing preference default values
DEBUG 2016-06-08 12:13:18,269 (SarosAnnotation.java:117) resetting annotation colors
DEBUG 2016-06-08 12:13:18,385 (Saros.java:430) skipping conversion of old XMPP accounts, because there are already new ones
DEBUG 2016-06-08 12:13:23,099 (SharedDocumentProvider.java:77) SharedDocumentProvider created by Eclipse
DEBUG 2016-06-08 12:13:35,435 (WhiteboardManager.java:194) WhiteboardManager instantiated
DEBUG 2016-06-08 12:13:35,575 (DocumentRecord.java:93) Added Node: attr(146538081557125829) name=svg
DEBUG 2016-06-08 12:13:35,834 (XMPPConnectionService.java:439) started Socks5 proxy on port: 7777 [listening on all interfaces]
DEBUG 2016-06-08 12:13:35,838 (XMPPConnectionService.java:459) using autodetected addresses: [141.45.209.136, fe80:0:0:0:f4cd:ebff:fedd:54a9%awdl0, fe80:0:0:0:3e15:c2ff:feb7:872e%en0]
DEBUG 2016-06-08 12:13:35,849 (XMPPConnectionService.java:398)  new connection state == CONNECTING
DEBUG 2016-06-08 12:13:36,698 (XMPPConnectionService.java:398) maikm@saros-con.imp.fu-berlin.de/Saros new connection state == CONNECTED
DEBUG 2016-06-08 12:13:36,698 (DataTransferManager.java:467) used transport order for the current XMPP connection: [XMPP-Socks5-Transport, XMPP-IBB-Transport]
DEBUG 2016-06-08 12:13:36,701 (SkypeManager.java:289) Refreshing Skype username cache...
WARN  2016-06-08 12:13:46,074 (StunServiceImpl.java:420) received no response from STUN server stunserver.org/69.172.201.153:3478 at local address /141.45.209.136:0
