INFO  2016-05-11 09:48:36,024 (Saros.java:220) Starting Saros 14.10.31 running:
  Java Version: 1.8.0_77
  Java Vendor: Oracle Corporation
  Eclipse Runtime Version: 3.11.1.v20150903-1804
  Operating System: Mac OS X (10.11.5)
  Hardware Architecture: x86_64
INFO  2016-05-11 09:48:36,140 (SarosContext.java:153) creating Saros runtime context...
DEBUG 2016-05-11 09:48:36,227 (XMPPAccountStore.java:117) loading accounts from file: /Users/Maik/.saros/config.dat
DEBUG 2016-05-11 09:48:36,471 (XMPPAccountStore.java:176) loaded 2 account(s)
INFO  2016-05-11 09:48:36,688 (SarosContext.java:199) successfully created Saros runtime context
DEBUG 2016-05-11 09:48:36,717 (DataTransferManager.java:467) used transport order for the current XMPP connection: [XMPP-Socks5-Transport, XMPP-IBB-Transport]
INFO  2016-05-11 09:48:36,745 (PreferenceInitializer.java:50) initializing preference default values
DEBUG 2016-05-11 09:48:36,804 (SarosAnnotation.java:117) resetting annotation colors
DEBUG 2016-05-11 09:48:36,963 (Saros.java:430) skipping conversion of old XMPP accounts, because there are already new ones
DEBUG 2016-05-11 09:48:45,037 (SharedDocumentProvider.java:77) SharedDocumentProvider created by Eclipse
DEBUG 2016-05-11 09:48:57,729 (WhiteboardManager.java:194) WhiteboardManager instantiated
DEBUG 2016-05-11 09:48:58,183 (DocumentRecord.java:93) Added Node: attr(146295293817322950) name=svg
DEBUG 2016-05-11 09:48:58,409 (XMPPConnectionService.java:439) started Socks5 proxy on port: 7777 [listening on all interfaces]
DEBUG 2016-05-11 09:48:58,413 (XMPPConnectionService.java:459) using autodetected addresses: [141.45.211.65, fe80:0:0:0:e821:24ff:fe8f:a58d%awdl0, fe80:0:0:0:3e15:c2ff:feb7:872e%en0]
DEBUG 2016-05-11 09:48:58,425 (XMPPConnectionService.java:398)  new connection state == CONNECTING
DEBUG 2016-05-11 09:48:59,418 (XMPPConnectionService.java:398) maikm@saros-con.imp.fu-berlin.de/Saros new connection state == CONNECTED
DEBUG 2016-05-11 09:48:59,419 (DataTransferManager.java:467) used transport order for the current XMPP connection: [XMPP-Socks5-Transport, XMPP-IBB-Transport]
DEBUG 2016-05-11 09:48:59,422 (SkypeManager.java:289) Refreshing Skype username cache...
DEBUG 2016-05-11 09:48:59,500 (SubscriptionHandler.java:160) contact requests to subscribe to us: soerenz@saros-con.imp.fu-berlin.de
WARN  2016-05-11 09:49:08,593 (StunServiceImpl.java:420) received no response from STUN server stunserver.org/69.172.201.153:3478 at local address /141.45.211.65:0
DEBUG 2016-05-11 12:42:09,175 (XMPPConnectionService.java:398) maikm@saros-con.imp.fu-berlin.de/Saros new connection state == DISCONNECTING
DEBUG 2016-05-11 12:42:09,330 (XMPPConnectionService.java:398)  new connection state == NOT_CONNECTED
DEBUG 2016-05-11 12:42:09,331 (UPnPServiceImpl.java:295) deleting existing port mappings
