INFO  2016-05-25 12:40:07,607 (Saros.java:220) Starting Saros 14.10.31 running:
  Java Version: 1.8.0_77
  Java Vendor: Oracle Corporation
  Eclipse Runtime Version: 3.11.1.v20150903-1804
  Operating System: Mac OS X (10.11.5)
  Hardware Architecture: x86_64
INFO  2016-05-25 12:40:07,675 (SarosContext.java:153) creating Saros runtime context...
DEBUG 2016-05-25 12:40:07,748 (XMPPAccountStore.java:117) loading accounts from file: /Users/Maik/.saros/config.dat
DEBUG 2016-05-25 12:40:07,990 (XMPPAccountStore.java:176) loaded 2 account(s)
INFO  2016-05-25 12:40:08,268 (SarosContext.java:199) successfully created Saros runtime context
DEBUG 2016-05-25 12:40:08,298 (DataTransferManager.java:467) used transport order for the current XMPP connection: [XMPP-Socks5-Transport, XMPP-IBB-Transport]
INFO  2016-05-25 12:40:08,333 (PreferenceInitializer.java:50) initializing preference default values
DEBUG 2016-05-25 12:40:08,387 (SarosAnnotation.java:117) resetting annotation colors
DEBUG 2016-05-25 12:40:08,482 (Saros.java:430) skipping conversion of old XMPP accounts, because there are already new ones
DEBUG 2016-05-25 12:40:18,349 (WhiteboardManager.java:194) WhiteboardManager instantiated
DEBUG 2016-05-25 12:40:18,387 (DocumentRecord.java:93) Added Node: attr(146417281838283079) name=svg
DEBUG 2016-05-25 12:40:18,469 (XMPPConnectionService.java:439) started Socks5 proxy on port: 7777 [listening on all interfaces]
DEBUG 2016-05-25 12:40:18,480 (XMPPConnectionService.java:459) using autodetected addresses: [141.45.214.223, fe80:0:0:0:e821:24ff:fe8f:a58d%awdl0, fe80:0:0:0:3e15:c2ff:feb7:872e%en0]
DEBUG 2016-05-25 12:40:18,619 (XMPPConnectionService.java:398)  new connection state == CONNECTING
DEBUG 2016-05-25 12:40:19,569 (XMPPConnectionService.java:398) maikm@saros-con.imp.fu-berlin.de/Saros new connection state == CONNECTED
DEBUG 2016-05-25 12:40:19,569 (DataTransferManager.java:467) used transport order for the current XMPP connection: [XMPP-Socks5-Transport, XMPP-IBB-Transport]
DEBUG 2016-05-25 12:40:19,574 (SkypeManager.java:289) Refreshing Skype username cache...
WARN  2016-05-25 12:40:28,931 (StunServiceImpl.java:420) received no response from STUN server stunserver.org/69.172.201.153:3478 at local address /141.45.214.223:0
